Tue Aug 15 2017 03:40:42 GMT-0700 (Pacific Daylight Time): GET /service
Tue Aug 15 2017 03:40:43 GMT-0700 (Pacific Daylight Time): GET /css/service_new.css
Tue Aug 15 2017 03:40:43 GMT-0700 (Pacific Daylight Time): GET /css/chat.css
Tue Aug 15 2017 03:40:43 GMT-0700 (Pacific Daylight Time): GET /js/modernizr.custom.79639.js
Tue Aug 15 2017 03:40:43 GMT-0700 (Pacific Daylight Time): GET /js/jquery-3.2.1.min.js
Tue Aug 15 2017 03:40:43 GMT-0700 (Pacific Daylight Time): GET /js/checkOut.js
Tue Aug 15 2017 03:40:43 GMT-0700 (Pacific Daylight Time): GET /js/formValidations.js
Tue Aug 15 2017 03:40:43 GMT-0700 (Pacific Daylight Time): GET /js/moment.js
Tue Aug 15 2017 03:40:43 GMT-0700 (Pacific Daylight Time): GET /js/chat.js
Tue Aug 15 2017 03:40:43 GMT-0700 (Pacific Daylight Time): GET /assets/compcell.png
Tue Aug 15 2017 03:40:43 GMT-0700 (Pacific Daylight Time): GET /assets/calen.png
Tue Aug 15 2017 03:40:43 GMT-0700 (Pacific Daylight Time): GET /assets/itens.png
Tue Aug 15 2017 03:40:43 GMT-0700 (Pacific Daylight Time): GET /assets/padlock.png
Tue Aug 15 2017 03:40:43 GMT-0700 (Pacific Daylight Time): GET /assets/email1.png
Tue Aug 15 2017 03:40:43 GMT-0700 (Pacific Daylight Time): GET /assets/pay.of.png
Tue Aug 15 2017 03:40:43 GMT-0700 (Pacific Daylight Time): GET /assets/people.of.png
Tue Aug 15 2017 03:40:43 GMT-0700 (Pacific Daylight Time): GET /assets/like.of.png
Tue Aug 15 2017 03:40:43 GMT-0700 (Pacific Daylight Time): GET /assets/chat.of.png
Tue Aug 15 2017 03:40:43 GMT-0700 (Pacific Daylight Time): GET /assets/house11.jpg
Tue Aug 15 2017 03:41:03 GMT-0700 (Pacific Daylight Time): POST /check_email
Tue Aug 15 2017 03:41:05 GMT-0700 (Pacific Daylight Time): POST /check_phone
Tue Aug 15 2017 03:41:13 GMT-0700 (Pacific Daylight Time): GET /check_address/1253%20Airport%20Blvd,%20San%20Jose,%20CA%2095110,%20USA
Tue Aug 15 2017 03:41:16 GMT-0700 (Pacific Daylight Time): POST /personal
Tue Aug 15 2017 03:41:27 GMT-0700 (Pacific Daylight Time): POST /service
Tue Aug 15 2017 04:05:30 GMT-0700 (Pacific Daylight Time): GET /service
Tue Aug 15 2017 04:05:30 GMT-0700 (Pacific Daylight Time): GET /css/service_new.css
Tue Aug 15 2017 04:05:30 GMT-0700 (Pacific Daylight Time): GET /css/chat.css
Tue Aug 15 2017 04:05:30 GMT-0700 (Pacific Daylight Time): GET /js/modernizr.custom.79639.js
Tue Aug 15 2017 04:05:30 GMT-0700 (Pacific Daylight Time): GET /js/jquery-3.2.1.min.js
Tue Aug 15 2017 04:05:30 GMT-0700 (Pacific Daylight Time): GET /js/checkOut.js
Tue Aug 15 2017 04:05:30 GMT-0700 (Pacific Daylight Time): GET /js/formValidations.js
Tue Aug 15 2017 04:05:30 GMT-0700 (Pacific Daylight Time): GET /js/moment.js
Tue Aug 15 2017 04:05:30 GMT-0700 (Pacific Daylight Time): GET /js/chat.js
Tue Aug 15 2017 04:05:30 GMT-0700 (Pacific Daylight Time): GET /assets/compcell.png
Tue Aug 15 2017 04:05:30 GMT-0700 (Pacific Daylight Time): GET /assets/calen.png
Tue Aug 15 2017 04:05:30 GMT-0700 (Pacific Daylight Time): GET /assets/itens.png
Tue Aug 15 2017 04:05:30 GMT-0700 (Pacific Daylight Time): GET /assets/padlock.png
Tue Aug 15 2017 04:05:30 GMT-0700 (Pacific Daylight Time): GET /assets/email1.png
Tue Aug 15 2017 04:05:31 GMT-0700 (Pacific Daylight Time): GET /assets/pay.of.png
Tue Aug 15 2017 04:05:31 GMT-0700 (Pacific Daylight Time): GET /assets/like.of.png
Tue Aug 15 2017 04:05:31 GMT-0700 (Pacific Daylight Time): GET /assets/chat.of.png
Tue Aug 15 2017 04:05:31 GMT-0700 (Pacific Daylight Time): GET /assets/house11.jpg
Tue Aug 15 2017 04:05:31 GMT-0700 (Pacific Daylight Time): GET /assets/people.of.png
Tue Aug 15 2017 04:05:37 GMT-0700 (Pacific Daylight Time): POST /check_email
Tue Aug 15 2017 04:05:39 GMT-0700 (Pacific Daylight Time): POST /check_phone
Tue Aug 15 2017 04:05:42 GMT-0700 (Pacific Daylight Time): GET /check_address/1253%20Airport%20Blvd,%20San%20Jose,%20CA%2095110,%20USA
Tue Aug 15 2017 04:05:45 GMT-0700 (Pacific Daylight Time): POST /personal
Tue Aug 15 2017 04:05:52 GMT-0700 (Pacific Daylight Time): POST /service
Tue Aug 15 2017 04:06:04 GMT-0700 (Pacific Daylight Time): POST /service
Tue Aug 15 2017 04:06:22 GMT-0700 (Pacific Daylight Time): POST /token
Tue Aug 15 2017 04:06:30 GMT-0700 (Pacific Daylight Time): POST /book
Tue Aug 15 2017 04:06:30 GMT-0700 (Pacific Daylight Time): GET /book
Tue Aug 15 2017 04:06:30 GMT-0700 (Pacific Daylight Time): GET /login
Tue Aug 15 2017 04:06:30 GMT-0700 (Pacific Daylight Time): GET /css/login.css
Tue Aug 15 2017 04:06:30 GMT-0700 (Pacific Daylight Time): GET /js/login.js
Tue Aug 15 2017 04:28:36 GMT-0700 (Pacific Daylight Time): GET /service
Tue Aug 15 2017 04:28:36 GMT-0700 (Pacific Daylight Time): GET /css/service_new.css
Tue Aug 15 2017 04:28:36 GMT-0700 (Pacific Daylight Time): GET /css/chat.css
Tue Aug 15 2017 04:28:36 GMT-0700 (Pacific Daylight Time): GET /js/modernizr.custom.79639.js
Tue Aug 15 2017 04:28:36 GMT-0700 (Pacific Daylight Time): GET /js/jquery-3.2.1.min.js
Tue Aug 15 2017 04:28:36 GMT-0700 (Pacific Daylight Time): GET /js/checkOut.js
Tue Aug 15 2017 04:28:36 GMT-0700 (Pacific Daylight Time): GET /js/formValidations.js
Tue Aug 15 2017 04:28:36 GMT-0700 (Pacific Daylight Time): GET /js/moment.js
Tue Aug 15 2017 04:28:36 GMT-0700 (Pacific Daylight Time): GET /js/chat.js
Tue Aug 15 2017 04:28:36 GMT-0700 (Pacific Daylight Time): GET /assets/compcell.png
Tue Aug 15 2017 04:28:36 GMT-0700 (Pacific Daylight Time): GET /assets/calen.png
Tue Aug 15 2017 04:28:36 GMT-0700 (Pacific Daylight Time): GET /assets/itens.png
Tue Aug 15 2017 04:28:36 GMT-0700 (Pacific Daylight Time): GET /assets/padlock.png
Tue Aug 15 2017 04:28:36 GMT-0700 (Pacific Daylight Time): GET /assets/email1.png
Tue Aug 15 2017 04:28:36 GMT-0700 (Pacific Daylight Time): GET /assets/pay.of.png
Tue Aug 15 2017 04:28:36 GMT-0700 (Pacific Daylight Time): GET /assets/people.of.png
Tue Aug 15 2017 04:28:36 GMT-0700 (Pacific Daylight Time): GET /assets/like.of.png
Tue Aug 15 2017 04:28:36 GMT-0700 (Pacific Daylight Time): GET /assets/chat.of.png
Tue Aug 15 2017 04:28:36 GMT-0700 (Pacific Daylight Time): GET /assets/house11.jpg
Tue Aug 15 2017 04:28:46 GMT-0700 (Pacific Daylight Time): POST /check_email
Tue Aug 15 2017 04:28:48 GMT-0700 (Pacific Daylight Time): POST /check_phone
Tue Aug 15 2017 04:28:52 GMT-0700 (Pacific Daylight Time): GET /check_address/1253%20Airport%20Blvd,%20San%20Jose,%20CA%2095110,%20USA
Tue Aug 15 2017 04:28:54 GMT-0700 (Pacific Daylight Time): POST /personal
Tue Aug 15 2017 04:30:54 GMT-0700 (Pacific Daylight Time): POST /personal
Tue Aug 15 2017 04:40:56 GMT-0700 (Pacific Daylight Time): GET /service
Tue Aug 15 2017 04:40:56 GMT-0700 (Pacific Daylight Time): GET /css/service_new.css
Tue Aug 15 2017 04:40:56 GMT-0700 (Pacific Daylight Time): GET /css/chat.css
Tue Aug 15 2017 04:40:56 GMT-0700 (Pacific Daylight Time): GET /js/modernizr.custom.79639.js
Tue Aug 15 2017 04:40:56 GMT-0700 (Pacific Daylight Time): GET /js/jquery-3.2.1.min.js
Tue Aug 15 2017 04:40:56 GMT-0700 (Pacific Daylight Time): GET /js/checkOut.js
Tue Aug 15 2017 04:40:56 GMT-0700 (Pacific Daylight Time): GET /js/formValidations.js
Tue Aug 15 2017 04:40:56 GMT-0700 (Pacific Daylight Time): GET /js/moment.js
Tue Aug 15 2017 04:40:56 GMT-0700 (Pacific Daylight Time): GET /js/chat.js
Tue Aug 15 2017 04:40:56 GMT-0700 (Pacific Daylight Time): GET /assets/compcell.png
Tue Aug 15 2017 04:40:56 GMT-0700 (Pacific Daylight Time): GET /assets/calen.png
Tue Aug 15 2017 04:40:56 GMT-0700 (Pacific Daylight Time): GET /assets/itens.png
Tue Aug 15 2017 04:40:56 GMT-0700 (Pacific Daylight Time): GET /assets/padlock.png
Tue Aug 15 2017 04:40:56 GMT-0700 (Pacific Daylight Time): GET /assets/pay.of.png
Tue Aug 15 2017 04:40:56 GMT-0700 (Pacific Daylight Time): GET /assets/compcell.png
Tue Aug 15 2017 04:40:56 GMT-0700 (Pacific Daylight Time): GET /assets/itens.png
Tue Aug 15 2017 04:40:56 GMT-0700 (Pacific Daylight Time): GET /assets/padlock.png
Tue Aug 15 2017 04:40:56 GMT-0700 (Pacific Daylight Time): GET /assets/email1.png
Tue Aug 15 2017 04:40:56 GMT-0700 (Pacific Daylight Time): GET /assets/people.of.png
Tue Aug 15 2017 04:40:56 GMT-0700 (Pacific Daylight Time): GET /assets/like.of.png
Tue Aug 15 2017 04:40:56 GMT-0700 (Pacific Daylight Time): GET /assets/chat.of.png
Tue Aug 15 2017 04:40:59 GMT-0700 (Pacific Daylight Time): GET /service
Tue Aug 15 2017 04:40:59 GMT-0700 (Pacific Daylight Time): GET /css/service_new.css
Tue Aug 15 2017 04:40:59 GMT-0700 (Pacific Daylight Time): GET /css/chat.css
Tue Aug 15 2017 04:40:59 GMT-0700 (Pacific Daylight Time): GET /js/modernizr.custom.79639.js
Tue Aug 15 2017 04:40:59 GMT-0700 (Pacific Daylight Time): GET /js/jquery-3.2.1.min.js
Tue Aug 15 2017 04:40:59 GMT-0700 (Pacific Daylight Time): GET /js/checkOut.js
Tue Aug 15 2017 04:40:59 GMT-0700 (Pacific Daylight Time): GET /js/formValidations.js
Tue Aug 15 2017 04:40:59 GMT-0700 (Pacific Daylight Time): GET /js/moment.js
Tue Aug 15 2017 04:40:59 GMT-0700 (Pacific Daylight Time): GET /js/chat.js
Tue Aug 15 2017 04:40:59 GMT-0700 (Pacific Daylight Time): GET /assets/compcell.png
Tue Aug 15 2017 04:40:59 GMT-0700 (Pacific Daylight Time): GET /assets/calen.png
Tue Aug 15 2017 04:40:59 GMT-0700 (Pacific Daylight Time): GET /assets/itens.png
Tue Aug 15 2017 04:40:59 GMT-0700 (Pacific Daylight Time): GET /assets/padlock.png
Tue Aug 15 2017 04:40:59 GMT-0700 (Pacific Daylight Time): GET /assets/email1.png
Tue Aug 15 2017 04:40:59 GMT-0700 (Pacific Daylight Time): GET /assets/pay.of.png
Tue Aug 15 2017 04:40:59 GMT-0700 (Pacific Daylight Time): GET /assets/people.of.png
Tue Aug 15 2017 04:40:59 GMT-0700 (Pacific Daylight Time): GET /assets/like.of.png
Tue Aug 15 2017 04:40:59 GMT-0700 (Pacific Daylight Time): GET /assets/chat.of.png
Tue Aug 15 2017 04:40:59 GMT-0700 (Pacific Daylight Time): GET /assets/house11.jpg
Tue Aug 15 2017 04:41:06 GMT-0700 (Pacific Daylight Time): POST /check_email
Tue Aug 15 2017 04:41:09 GMT-0700 (Pacific Daylight Time): POST /check_phone
Tue Aug 15 2017 04:41:12 GMT-0700 (Pacific Daylight Time): GET /check_address/1253%20Airport%20Blvd,%20San%20Jose,%20CA%2095110,%20USA
Tue Aug 15 2017 04:41:15 GMT-0700 (Pacific Daylight Time): POST /personal
Tue Aug 15 2017 04:42:00 GMT-0700 (Pacific Daylight Time): GET /service
Tue Aug 15 2017 04:42:00 GMT-0700 (Pacific Daylight Time): GET /css/service_new.css
Tue Aug 15 2017 04:42:00 GMT-0700 (Pacific Daylight Time): GET /css/chat.css
Tue Aug 15 2017 04:42:00 GMT-0700 (Pacific Daylight Time): GET /js/modernizr.custom.79639.js
Tue Aug 15 2017 04:42:00 GMT-0700 (Pacific Daylight Time): GET /js/jquery-3.2.1.min.js
Tue Aug 15 2017 04:42:00 GMT-0700 (Pacific Daylight Time): GET /js/checkOut.js
Tue Aug 15 2017 04:42:00 GMT-0700 (Pacific Daylight Time): GET /js/formValidations.js
Tue Aug 15 2017 04:42:00 GMT-0700 (Pacific Daylight Time): GET /js/moment.js
Tue Aug 15 2017 04:42:00 GMT-0700 (Pacific Daylight Time): GET /js/chat.js
Tue Aug 15 2017 04:42:00 GMT-0700 (Pacific Daylight Time): GET /assets/compcell.png
Tue Aug 15 2017 04:42:00 GMT-0700 (Pacific Daylight Time): GET /assets/calen.png
Tue Aug 15 2017 04:42:00 GMT-0700 (Pacific Daylight Time): GET /assets/itens.png
Tue Aug 15 2017 04:42:00 GMT-0700 (Pacific Daylight Time): GET /assets/padlock.png
Tue Aug 15 2017 04:42:00 GMT-0700 (Pacific Daylight Time): GET /assets/email1.png
Tue Aug 15 2017 04:42:00 GMT-0700 (Pacific Daylight Time): GET /assets/pay.of.png
Tue Aug 15 2017 04:42:00 GMT-0700 (Pacific Daylight Time): GET /assets/people.of.png
Tue Aug 15 2017 04:42:00 GMT-0700 (Pacific Daylight Time): GET /assets/like.of.png
Tue Aug 15 2017 04:42:00 GMT-0700 (Pacific Daylight Time): GET /assets/chat.of.png
Tue Aug 15 2017 04:42:00 GMT-0700 (Pacific Daylight Time): GET /assets/house11.jpg
Tue Aug 15 2017 04:42:05 GMT-0700 (Pacific Daylight Time): POST /check_email
Tue Aug 15 2017 04:42:08 GMT-0700 (Pacific Daylight Time): POST /check_phone
Tue Aug 15 2017 04:42:09 GMT-0700 (Pacific Daylight Time): GET /check_address/1253%20Airport%20Blvd,%20San%20Jose,%20CA%2095110,%20USA
Tue Aug 15 2017 04:42:12 GMT-0700 (Pacific Daylight Time): POST /personal
Tue Aug 15 2017 04:44:12 GMT-0700 (Pacific Daylight Time): POST /personal
Tue Aug 15 2017 04:59:07 GMT-0700 (Pacific Daylight Time): GET /service
Tue Aug 15 2017 04:59:07 GMT-0700 (Pacific Daylight Time): GET /css/service_new.css
Tue Aug 15 2017 04:59:07 GMT-0700 (Pacific Daylight Time): GET /js/modernizr.custom.79639.js
Tue Aug 15 2017 04:59:07 GMT-0700 (Pacific Daylight Time): GET /css/chat.css
Tue Aug 15 2017 04:59:07 GMT-0700 (Pacific Daylight Time): GET /js/jquery-3.2.1.min.js
Tue Aug 15 2017 04:59:07 GMT-0700 (Pacific Daylight Time): GET /js/checkOut.js
Tue Aug 15 2017 04:59:07 GMT-0700 (Pacific Daylight Time): GET /js/formValidations.js
Tue Aug 15 2017 04:59:07 GMT-0700 (Pacific Daylight Time): GET /js/moment.js
Tue Aug 15 2017 04:59:07 GMT-0700 (Pacific Daylight Time): GET /js/chat.js
Tue Aug 15 2017 04:59:07 GMT-0700 (Pacific Daylight Time): GET /assets/compcell.png
Tue Aug 15 2017 04:59:07 GMT-0700 (Pacific Daylight Time): GET /assets/calen.png
Tue Aug 15 2017 04:59:07 GMT-0700 (Pacific Daylight Time): GET /assets/itens.png
Tue Aug 15 2017 04:59:07 GMT-0700 (Pacific Daylight Time): GET /assets/padlock.png
Tue Aug 15 2017 04:59:07 GMT-0700 (Pacific Daylight Time): GET /assets/email1.png
Tue Aug 15 2017 04:59:07 GMT-0700 (Pacific Daylight Time): GET /assets/pay.of.png
Tue Aug 15 2017 04:59:07 GMT-0700 (Pacific Daylight Time): GET /assets/people.of.png
Tue Aug 15 2017 04:59:07 GMT-0700 (Pacific Daylight Time): GET /assets/like.of.png
Tue Aug 15 2017 04:59:07 GMT-0700 (Pacific Daylight Time): GET /assets/chat.of.png
Tue Aug 15 2017 04:59:07 GMT-0700 (Pacific Daylight Time): GET /assets/house11.jpg
Tue Aug 15 2017 04:59:15 GMT-0700 (Pacific Daylight Time): POST /check_email
Tue Aug 15 2017 04:59:18 GMT-0700 (Pacific Daylight Time): POST /check_phone
Tue Aug 15 2017 04:59:22 GMT-0700 (Pacific Daylight Time): GET /check_address/1253%20Airport%20Blvd,%20San%20Jose,%20CA%2095110,%20USA
Tue Aug 15 2017 04:59:26 GMT-0700 (Pacific Daylight Time): POST /personal
Tue Aug 15 2017 05:01:26 GMT-0700 (Pacific Daylight Time): POST /personal
Tue Aug 15 2017 05:09:23 GMT-0700 (Pacific Daylight Time): POST /check_email
Tue Aug 15 2017 05:09:26 GMT-0700 (Pacific Daylight Time): POST /check_phone
Tue Aug 15 2017 05:09:29 GMT-0700 (Pacific Daylight Time): GET /check_address/1253%20Airport%20Blvd,%20San%20Jose,%20CA%2095110,%20USA
Tue Aug 15 2017 05:09:31 GMT-0700 (Pacific Daylight Time): POST /personal
Tue Aug 15 2017 05:11:31 GMT-0700 (Pacific Daylight Time): POST /personal
